0 info it worked if it ends with ok
1 verbose cli [ 'C:\\Program Files\\nodejs\\node.exe',
1 verbose cli   'C:\\Program Files\\nodejs\\node_modules\\npm\\bin\\npm-cli.js',
1 verbose cli   'start' ]
2 info using npm@1.2.18
3 info using node@v0.10.5
4 verbose read json C:\Users\Doug\src\node-login\package.json
5 verbose run-script [ 'prestart', 'start', 'poststart' ]
6 info prestart node-login@1.3.2
7 info start node-login@1.3.2
8 verbose unsafe-perm in lifecycle true
9 silly exec cmd "/c" "coffee app.litcoffee"
10 silly cmd,/c,coffee app.litcoffee,C:\Users\Doug\src\node-login spawning
11 info node-login@1.3.2 Failed to exec start script
12 error node-login@1.3.2 start: `coffee app.litcoffee`
12 error `cmd "/c" "coffee app.litcoffee"` failed with 8
13 error Failed at the node-login@1.3.2 start script.
13 error This is most likely a problem with the node-login package,
13 error not with npm itself.
13 error Tell the author that this fails on your system:
13 error     coffee app.litcoffee
13 error You can get their info via:
13 error     npm owner ls node-login
13 error There is likely additional logging output above.
14 error System Windows_NT 6.1.7601
15 error command "C:\\Program Files\\nodejs\\node.exe" "C:\\Program Files\\nodejs\\node_modules\\npm\\bin\\npm-cli.js" "start"
16 error cwd C:\Users\Doug\src\node-login
17 error node -v v0.10.5
18 error npm -v 1.2.18
19 error code ELIFECYCLE
20 verbose exit [ 1, true ]
